<?xml version="1.0" encoding="UTF-8"?>
<testng-results ignored="0" total="1" passed="1" failed="0" skipped="0">
  <reporter-output>
  </reporter-output>
  <suite started-at="2020-02-06T18:19:11 IST" name="Default suite" finished-at="2020-02-06T18:20:00 IST" duration-ms="48369">
    <groups>
    </groups>
    <test started-at="2020-02-06T18:19:11 IST" name="Default test" finished-at="2020-02-06T18:20:00 IST" duration-ms="48369">
      <class name="TestCases.TC_Plative_salesforce_login">
        <test-method is-config="true" signature="beforeTest()[pri:0, instance:TestCases.TC_Plative_salesforce_login@6db9f5a4]" started-at="2020-02-06T18:19:11 IST" name="beforeTest" finished-at="2020-02-06T18:19:28 IST" duration-ms="16557" status="PASS">
          <reporter-output>
          </reporter-output>
        </test-method> <!-- beforeTest -->
        <test-method is-config="true" signature="beforeMethod(java.lang.reflect.Method)[pri:0, instance:TestCases.TC_Plative_salesforce_login@6db9f5a4]" started-at="2020-02-06T18:19:28 IST" name="beforeMethod" finished-at="2020-02-06T18:19:28 IST" duration-ms="7" status="PASS">
          <params>
            <param index="0">
              <value>
                <![CDATA[public void TestCases.TC_Plative_salesforce_login.loginsalesforce() throws java.lang.Exception]]>
              </value>
            </param>
          </params>
          <reporter-output>
          </reporter-output>
        </test-method> <!-- beforeMethod -->
        <test-method signature="loginsalesforce()[pri:0, instance:TestCases.TC_Plative_salesforce_login@6db9f5a4]" started-at="2020-02-06T18:19:28 IST" name="loginsalesforce" finished-at="2020-02-06T18:19:58 IST" duration-ms="29896" status="PASS">
          <reporter-output>
          </reporter-output>
        </test-method> <!-- loginsalesforce -->
        <test-method is-config="true" signature="afterMethod(org.testng.ITestResult)[pri:0, instance:TestCases.TC_Plative_salesforce_login@6db9f5a4]" started-at="2020-02-06T18:19:58 IST" name="afterMethod" finished-at="2020-02-06T18:19:58 IST" duration-ms="1" status="PASS">
          <params>
            <param index="0">
              <value>
                <![CDATA[[TestResult name=loginsalesforce status=SUCCESS method=TC_Plative_salesforce_login.loginsalesforce()[pri:0, instance:TestCases.TC_Plative_salesforce_login@6db9f5a4] output={null}]]]>
              </value>
            </param>
          </params>
          <reporter-output>
          </reporter-output>
        </test-method> <!-- afterMethod -->
        <test-method is-config="true" signature="endreport()[pri:0, instance:TestCases.TC_Plative_salesforce_login@6db9f5a4]" started-at="2020-02-06T18:19:58 IST" name="endreport" finished-at="2020-02-06T18:19:59 IST" duration-ms="1544" status="PASS">
          <reporter-output>
          </reporter-output>
        </test-method> <!-- endreport -->
        <test-method is-config="true" signature="endTest()[pri:0, instance:TestCases.TC_Plative_salesforce_login@6db9f5a4]" started-at="2020-02-06T18:19:59 IST" name="endTest" finished-at="2020-02-06T18:20:00 IST" duration-ms="204" status="PASS">
          <reporter-output>
          </reporter-output>
        </test-method> <!-- endTest -->
      </class> <!-- TestCases.TC_Plative_salesforce_login -->
    </test> <!-- Default test -->
  </suite> <!-- Default suite -->
</testng-results>
